TRACE: 2018/05/18 /home/buyf/go/src/goDeamon/client.go:36: worker id：1 ,queue value :10
TRACE: 2018/05/18 /home/buyf/go/src/goDeamon/client.go:36: worker id：2 ,queue value :queue1
TRACE: 2018/05/18 /home/buyf/go/src/goDeamon/client.go:36: worker id：3 ,queue value :9
TRACE: 2018/05/18 /home/buyf/go/src/goDeamon/client.go:36: worker id：4 ,queue value :6
TRACE: 2018/05/18 /home/buyf/go/src/goDeamon/client.go:36: worker id：5 ,queue value :5
TRACE: 2018/05/18 /home/buyf/go/src/goDeamon/client.go:36: worker id：6 ,queue value :7
TRACE: 2018/05/18 /home/buyf/go/src/goDeamon/client.go:36: worker id：7 ,queue value :8
TRACE: 2018/05/18 /home/buyf/go/src/goDeamon/client.go:36: worker id：8 ,queue value :3
TRACE: 2018/05/18 /home/buyf/go/src/goDeamon/client.go:36: worker id：9 ,queue value :4
TRACE: 2018/05/18 /home/buyf/go/src/goDeamon/client.go:36: worker id：10 ,queue value :2
TRACE: 2018/05/18 /home/buyf/go/src/goDeamon/client.go:36: worker id：3 ,queue value :1
TRACE: 2018/05/18 /home/buyf/go/src/goDeamon/client.go:46: worker id：3 ,set to redis  queue value :1
TRACE: 2018/05/18 /home/buyf/go/src/goDeamon/client.go:72: accept 中断信号
TRACE: 2018/05/18 /home/buyf/go/src/goDeamon/client.go:36: worker id：1 ,queue value :
TRACE: 2018/05/18 /home/buyf/go/src/goDeamon/client.go:36: worker id：9 ,queue value :
TRACE: 2018/05/18 /home/buyf/go/src/goDeamon/client.go:36: worker id：8 ,queue value :
TRACE: 2018/05/18 /home/buyf/go/src/goDeamon/client.go:36: worker id：10 ,queue value :
TRACE: 2018/05/18 /home/buyf/go/src/goDeamon/client.go:36: worker id：6 ,queue value :
TRACE: 2018/05/18 /home/buyf/go/src/goDeamon/client.go:36: worker id：5 ,queue value :
TRACE: 2018/05/18 /home/buyf/go/src/goDeamon/client.go:36: worker id：7 ,queue value :
TRACE: 2018/05/18 /home/buyf/go/src/goDeamon/client.go:36: worker id：4 ,queue value :
TRACE: 2018/05/18 /home/buyf/go/src/goDeamon/client.go:36: worker id：2 ,queue value :
